\BOOKMARK [1][-]{section.0.1}{General Information}{}% 1
\BOOKMARK [2][-]{subsection.0.1.1}{System Overview}{section.0.1}% 2
\BOOKMARK [2][-]{subsection.0.1.2}{System Configuration}{section.0.1}% 3
\BOOKMARK [2][-]{subsection.0.1.3}{Installation}{section.0.1}% 4
\BOOKMARK [3][-]{subsubsection.0.1.3.1}{Install Eclipse}{subsection.0.1.3}% 5
\BOOKMARK [3][-]{subsubsection.0.1.3.2}{Importing the project}{subsection.0.1.3}% 6
\BOOKMARK [3][-]{subsubsection.0.1.3.3}{Setting system environment variables}{subsection.0.1.3}% 7
\BOOKMARK [1][-]{section.0.2}{Using The System}{}% 8
\BOOKMARK [2][-]{subsection.0.2.1}{OpenCV}{section.0.2}% 9
\BOOKMARK [3][-]{subsubsection.0.2.1.1}{What is it?}{subsection.0.2.1}% 10
\BOOKMARK [3][-]{subsubsection.0.2.1.2}{Why was it used?}{subsection.0.2.1}% 11
\BOOKMARK [2][-]{subsection.0.2.2}{Classes}{section.0.2}% 12
\BOOKMARK [3][-]{subsubsection.0.2.2.1}{PeopleDetect}{subsection.0.2.2}% 13
\BOOKMARK [3][-]{subsubsection.0.2.2.2}{Writer}{subsection.0.2.2}% 14
\BOOKMARK [3][-]{subsubsection.0.2.2.3}{FourCC}{subsection.0.2.2}% 15
\BOOKMARK [3][-]{subsubsection.0.2.2.4}{Database}{subsection.0.2.2}% 16
\BOOKMARK [2][-]{subsection.0.2.3}{Functions}{section.0.2}% 17
\BOOKMARK [3][-]{subsubsection.0.2.3.1}{greyscale\(BufferedImage image, Mat mat\)}{subsection.0.2.3}% 18
\BOOKMARK [3][-]{subsubsection.0.2.3.2}{equalization\(BufferedImage image, Mat mat\)}{subsection.0.2.3}% 19
\BOOKMARK [3][-]{subsubsection.0.2.3.3}{enlargeImage\(BufferedImage image, Mat mat\)}{subsection.0.2.3}% 20
\BOOKMARK [3][-]{subsubsection.0.2.3.4}{generateMat\(BufferedImage image\)}{subsection.0.2.3}% 21
\BOOKMARK [3][-]{subsubsection.0.2.3.5}{generateImage\(BufferedImage image, Mat mat, byte[] data\)}{subsection.0.2.3}% 22
\BOOKMARK [3][-]{subsubsection.0.2.3.6}{processImage\(String url\)}{subsection.0.2.3}% 23
\BOOKMARK [3][-]{subsubsection.0.2.3.7}{runTests\(String url\)}{subsection.0.2.3}% 24
\BOOKMARK [3][-]{subsubsection.0.2.3.8}{readDatabase\(\)}{subsection.0.2.3}% 25
\BOOKMARK [3][-]{subsubsection.0.2.3.9}{getImage\(byte[] base64String\)}{subsection.0.2.3}% 26
\BOOKMARK [1][-]{section.0.3}{Troubleshooting}{}% 27
