\BOOKMARK [1][-]{section.0.1}{Introduction}{}% 1
\BOOKMARK [2][-]{subsubsection.0.1.0.1}{Vision}{section.0.1}% 2
\BOOKMARK [3][-]{subsubsection.0.1.0.2}{Background}{subsubsection.0.1.0.1}% 3
\BOOKMARK [1][-]{section.0.2}{Software architecture overview}{}% 4
\BOOKMARK [1][-]{section.0.3}{Overall Software architecture}{}% 5
\BOOKMARK [2][-]{subsection.0.3.1}{Architecture Requirements}{section.0.3}% 6
\BOOKMARK [3][-]{subsubsection.0.3.1.1}{Access and Integration Requirements}{subsection.0.3.1}% 7
\BOOKMARK [3][-]{subsubsection.0.3.1.2}{Quality Requirements}{subsection.0.3.1}% 8
\BOOKMARK [3][-]{subsubsection.0.3.1.3}{Architectural responsibilities}{subsection.0.3.1}% 9
\BOOKMARK [3][-]{subsubsection.0.3.1.4}{Architecture Constraints}{subsection.0.3.1}% 10
\BOOKMARK [2][-]{subsection.0.3.2}{Architecture design}{section.0.3}% 11
\BOOKMARK [3][-]{subsubsection.0.3.2.1}{Architectural tactics}{subsection.0.3.2}% 12
\BOOKMARK [3][-]{subsubsection.0.3.2.2}{Architectural components addressing architectural responsibilities}{subsection.0.3.2}% 13
\BOOKMARK [3][-]{subsubsection.0.3.2.3}{Infrastructure}{subsection.0.3.2}% 14
\BOOKMARK [1][-]{section.0.4}{Application Layer or Framework}{}% 15
\BOOKMARK [2][-]{subsection.0.4.1}{Software architecture requirements}{section.0.4}% 16
\BOOKMARK [3][-]{subsubsection.0.4.1.1}{Quality requirements}{subsection.0.4.1}% 17
\BOOKMARK [3][-]{subsubsection.0.4.1.2}{Architectural responsibilities}{subsection.0.4.1}% 18
\BOOKMARK [2][-]{subsection.0.4.2}{Software architecture design for the persistence API}{section.0.4}% 19
\BOOKMARK [3][-]{subsubsection.0.4.2.1}{Architectural tactics}{subsection.0.4.2}% 20
\BOOKMARK [3][-]{subsubsection.0.4.2.2}{Architectural components}{subsection.0.4.2}% 21
\BOOKMARK [3][-]{subsubsection.0.4.2.3}{Application component concepts and constraints}{subsection.0.4.2}% 22
\BOOKMARK [3][-]{subsubsection.0.4.2.4}{Frameworks and technologies}{subsection.0.4.2}% 23
\BOOKMARK [1][-]{section.0.5}{Application Server}{}% 24
\BOOKMARK [2][-]{subsection.0.5.1}{Software architecture requirements}{section.0.5}% 25
\BOOKMARK [3][-]{subsubsection.0.5.1.1}{Quality requirements}{subsection.0.5.1}% 26
\BOOKMARK [3][-]{subsubsection.0.5.1.2}{Architectural responsiblities}{subsection.0.5.1}% 27
\BOOKMARK [2][-]{subsection.0.5.2}{Architecture design}{section.0.5}% 28
\BOOKMARK [3][-]{subsubsection.0.5.2.1}{Tactics}{subsection.0.5.2}% 29
\BOOKMARK [3][-]{subsubsection.0.5.2.2}{Architectural components}{subsection.0.5.2}% 30
\BOOKMARK [3][-]{subsubsection.0.5.2.3}{Application Component Concepts and Constraints}{subsection.0.5.2}% 31
\BOOKMARK [3][-]{subsubsection.0.5.2.4}{Frameworks and technologies}{subsection.0.5.2}% 32
\BOOKMARK [1][-]{section.0.6}{Persistence API}{}% 33
\BOOKMARK [2][-]{subsection.0.6.1}{Software architecture requirements}{section.0.6}% 34
\BOOKMARK [3][-]{subsubsection.0.6.1.1}{Quality requirements}{subsection.0.6.1}% 35
\BOOKMARK [3][-]{subsubsection.0.6.1.2}{Architectural responsibilities}{subsection.0.6.1}% 36
\BOOKMARK [2][-]{subsection.0.6.2}{Software architecture design for the persistence API}{section.0.6}% 37
\BOOKMARK [3][-]{subsubsection.0.6.2.1}{Architectural tactics}{subsection.0.6.2}% 38
\BOOKMARK [3][-]{subsubsection.0.6.2.2}{Architectural components}{subsection.0.6.2}% 39
\BOOKMARK [3][-]{subsubsection.0.6.2.3}{Application component concepts and constraints}{subsection.0.6.2}% 40
\BOOKMARK [3][-]{subsubsection.0.6.2.4}{Frameworks and technologies}{subsection.0.6.2}% 41
