\BOOKMARK [1][-]{section.0.1}{Background}{}% 1
\BOOKMARK [2][-]{subsection.0.1.1}{Smart Image Identification System}{section.0.1}% 2
\BOOKMARK [3][-]{subsubsection.0.1.1.1}{Process Image}{subsection.0.1.1}% 3
\BOOKMARK [3][-]{subsubsection.0.1.1.2}{Identification}{subsection.0.1.1}% 4
\BOOKMARK [3][-]{subsubsection.0.1.1.3}{ImageSorting}{subsection.0.1.1}% 5
\BOOKMARK [1][-]{section.0.2}{Vision and Objectives}{}% 6
\BOOKMARK [2][-]{subsection.0.2.1}{Vision}{section.0.2}% 7
\BOOKMARK [2][-]{subsection.0.2.2}{Objectives}{section.0.2}% 8
\BOOKMARK [1][-]{section.0.3}{Process Image}{}% 9
\BOOKMARK [2][-]{subsection.0.3.1}{Scope}{section.0.3}% 10
\BOOKMARK [2][-]{subsection.0.3.2}{Domain Model}{section.0.3}% 11
\BOOKMARK [3][-]{subsubsection.0.3.2.1}{Service contract}{subsection.0.3.2}% 12
\BOOKMARK [1][-]{section.0.4}{Identification}{}% 13
\BOOKMARK [2][-]{subsection.0.4.1}{Scope}{section.0.4}% 14
\BOOKMARK [2][-]{subsection.0.4.2}{Domain Model}{section.0.4}% 15
\BOOKMARK [3][-]{subsubsection.0.4.2.1}{Service contract}{subsection.0.4.2}% 16
\BOOKMARK [1][-]{section.0.5}{ImageSorting}{}% 17
\BOOKMARK [2][-]{subsection.0.5.1}{Scope}{section.0.5}% 18
\BOOKMARK [2][-]{subsection.0.5.2}{Domain Model}{section.0.5}% 19
\BOOKMARK [3][-]{subsubsection.0.5.2.1}{Service contract}{subsection.0.5.2}% 20
